ASSERTION	AAEDAAEBAwAAAAAAAIjDQA==
RUN	io.microsamples.testz.simulation.GetRootsSimulation	getrootssimulation	1572903200171	 	3.2.1
USER	Get Remote Chachkies	1	START	1572903201266	1572903201266
USER	Get Remote Chachkies	2	START	1572903201372	1572903201372
REQUEST	1		get remote chachkies	1572903201305	1572903201438	OK	 
REQUEST	2		get remote chachkies	1572903201373	1572903201443	OK	 
USER	Get Remote Chachkies	1	END	1572903201266	1572903201466
USER	Get Remote Chachkies	2	END	1572903201372	1572903201466
USER	Get Remote Chachkies	3	START	1572903201472	1572903201472
REQUEST	3		get remote chachkies	1572903201473	1572903201530	OK	 
USER	Get Remote Chachkies	3	END	1572903201472	1572903201531
USER	Get Remote Chachkies	4	START	1572903201571	1572903201571
REQUEST	4		get remote chachkies	1572903201573	1572903201623	OK	 
USER	Get Remote Chachkies	4	END	1572903201571	1572903201624
USER	Get Remote Chachkies	5	START	1572903201672	1572903201672
REQUEST	5		get remote chachkies	1572903201672	1572903201732	OK	 
USER	Get Remote Chachkies	5	END	1572903201672	1572903201733
USER	Get Remote Chachkies	6	START	1572903201772	1572903201772
REQUEST	6		get remote chachkies	1572903201773	1572903201825	OK	 
USER	Get Remote Chachkies	6	END	1572903201772	1572903201826
USER	Get Remote Chachkies	7	START	1572903201873	1572903201873
REQUEST	7		get remote chachkies	1572903201873	1572903201918	OK	 
USER	Get Remote Chachkies	7	END	1572903201873	1572903201920
USER	Get Remote Chachkies	8	START	1572903201972	1572903201972
REQUEST	8		get remote chachkies	1572903201973	1572903202020	OK	 
USER	Get Remote Chachkies	8	END	1572903201972	1572903202021
USER	Get Remote Chachkies	9	START	1572903202083	1572903202083
REQUEST	9		get remote chachkies	1572903202084	1572903202135	OK	 
USER	Get Remote Chachkies	9	END	1572903202083	1572903202136
USER	Get Remote Chachkies	10	START	1572903202182	1572903202182
REQUEST	10		get remote chachkies	1572903202182	1572903202237	OK	 
USER	Get Remote Chachkies	10	END	1572903202182	1572903202238
USER	Get Remote Chachkies	11	START	1572903202283	1572903202283
REQUEST	11		get remote chachkies	1572903202284	1572903202330	OK	 
USER	Get Remote Chachkies	11	END	1572903202283	1572903202331
USER	Get Remote Chachkies	12	START	1572903202383	1572903202383
REQUEST	12		get remote chachkies	1572903202384	1572903202423	OK	 
USER	Get Remote Chachkies	12	END	1572903202383	1572903202424
USER	Get Remote Chachkies	13	START	1572903202483	1572903202483
REQUEST	13		get remote chachkies	1572903202484	1572903202534	OK	 
USER	Get Remote Chachkies	13	END	1572903202483	1572903202536
USER	Get Remote Chachkies	14	START	1572903202583	1572903202583
REQUEST	14		get remote chachkies	1572903202584	1572903202628	OK	 
USER	Get Remote Chachkies	14	END	1572903202583	1572903202629
USER	Get Remote Chachkies	15	START	1572903202683	1572903202683
REQUEST	15		get remote chachkies	1572903202684	1572903202728	OK	 
USER	Get Remote Chachkies	15	END	1572903202683	1572903202729
USER	Get Remote Chachkies	16	START	1572903202783	1572903202783
REQUEST	16		get remote chachkies	1572903202784	1572903202816	OK	 
USER	Get Remote Chachkies	16	END	1572903202783	1572903202818
USER	Get Remote Chachkies	17	START	1572903202882	1572903202882
REQUEST	17		get remote chachkies	1572903202883	1572903202922	OK	 
USER	Get Remote Chachkies	17	END	1572903202882	1572903202923
USER	Get Remote Chachkies	18	START	1572903202983	1572903202983
REQUEST	18		get remote chachkies	1572903202983	1572903203022	OK	 
USER	Get Remote Chachkies	18	END	1572903202983	1572903203023
USER	Get Remote Chachkies	19	START	1572903203083	1572903203083
REQUEST	19		get remote chachkies	1572903203084	1572903203118	OK	 
USER	Get Remote Chachkies	19	END	1572903203083	1572903203120
USER	Get Remote Chachkies	20	START	1572903203183	1572903203183
REQUEST	20		get remote chachkies	1572903203184	1572903203225	OK	 
USER	Get Remote Chachkies	20	END	1572903203183	1572903203226
USER	Get Remote Chachkies	21	START	1572903203283	1572903203283
REQUEST	21		get remote chachkies	1572903203284	1572903203322	OK	 
USER	Get Remote Chachkies	21	END	1572903203283	1572903203323
USER	Get Remote Chachkies	22	START	1572903203373	1572903203373
REQUEST	22		get remote chachkies	1572903203374	1572903203413	OK	 
USER	Get Remote Chachkies	22	END	1572903203373	1572903203414
USER	Get Remote Chachkies	23	START	1572903203474	1572903203474
REQUEST	23		get remote chachkies	1572903203476	1572903203509	OK	 
USER	Get Remote Chachkies	23	END	1572903203474	1572903203510
USER	Get Remote Chachkies	24	START	1572903203573	1572903203573
REQUEST	24		get remote chachkies	1572903203574	1572903203605	OK	 
USER	Get Remote Chachkies	24	END	1572903203573	1572903203606
USER	Get Remote Chachkies	25	START	1572903203672	1572903203672
REQUEST	25		get remote chachkies	1572903203673	1572903203709	OK	 
USER	Get Remote Chachkies	25	END	1572903203672	1572903203711
USER	Get Remote Chachkies	26	START	1572903203773	1572903203773
REQUEST	26		get remote chachkies	1572903203774	1572903203805	OK	 
USER	Get Remote Chachkies	26	END	1572903203773	1572903203806
USER	Get Remote Chachkies	27	START	1572903203872	1572903203872
REQUEST	27		get remote chachkies	1572903203873	1572903203941	OK	 
USER	Get Remote Chachkies	27	END	1572903203872	1572903203941
USER	Get Remote Chachkies	28	START	1572903203971	1572903203971
REQUEST	28		get remote chachkies	1572903203972	1572903204009	OK	 
USER	Get Remote Chachkies	28	END	1572903203971	1572903204010
USER	Get Remote Chachkies	29	START	1572903204073	1572903204073
REQUEST	29		get remote chachkies	1572903204074	1572903204127	OK	 
USER	Get Remote Chachkies	29	END	1572903204073	1572903204128
USER	Get Remote Chachkies	30	START	1572903204173	1572903204173
REQUEST	30		get remote chachkies	1572903204173	1572903204204	OK	 
USER	Get Remote Chachkies	30	END	1572903204173	1572903204205
USER	Get Remote Chachkies	31	START	1572903204273	1572903204273
REQUEST	31		get remote chachkies	1572903204273	1572903204347	OK	 
USER	Get Remote Chachkies	31	END	1572903204273	1572903204348
USER	Get Remote Chachkies	32	START	1572903204372	1572903204372
REQUEST	32		get remote chachkies	1572903204373	1572903204405	OK	 
USER	Get Remote Chachkies	32	END	1572903204372	1572903204406
USER	Get Remote Chachkies	33	START	1572903204472	1572903204472
REQUEST	33		get remote chachkies	1572903204472	1572903204506	OK	 
USER	Get Remote Chachkies	33	END	1572903204472	1572903204507
USER	Get Remote Chachkies	34	START	1572903204571	1572903204571
REQUEST	34		get remote chachkies	1572903204572	1572903204610	OK	 
USER	Get Remote Chachkies	34	END	1572903204571	1572903204611
USER	Get Remote Chachkies	35	START	1572903204673	1572903204673
REQUEST	35		get remote chachkies	1572903204675	1572903204715	OK	 
USER	Get Remote Chachkies	35	END	1572903204673	1572903204715
USER	Get Remote Chachkies	36	START	1572903204772	1572903204772
REQUEST	36		get remote chachkies	1572903204773	1572903204824	OK	 
USER	Get Remote Chachkies	36	END	1572903204772	1572903204824
USER	Get Remote Chachkies	37	START	1572903204871	1572903204871
REQUEST	37		get remote chachkies	1572903204872	1572903204906	OK	 
USER	Get Remote Chachkies	37	END	1572903204871	1572903204907
USER	Get Remote Chachkies	38	START	1572903204971	1572903204971
REQUEST	38		get remote chachkies	1572903204972	1572903205036	OK	 
USER	Get Remote Chachkies	38	END	1572903204971	1572903205037
USER	Get Remote Chachkies	39	START	1572903205071	1572903205071
REQUEST	39		get remote chachkies	1572903205072	1572903205106	OK	 
USER	Get Remote Chachkies	39	END	1572903205071	1572903205106
USER	Get Remote Chachkies	40	START	1572903205173	1572903205173
REQUEST	40		get remote chachkies	1572903205174	1572903205204	OK	 
USER	Get Remote Chachkies	40	END	1572903205173	1572903205205
USER	Get Remote Chachkies	41	START	1572903205271	1572903205271
REQUEST	41		get remote chachkies	1572903205272	1572903205340	OK	 
USER	Get Remote Chachkies	41	END	1572903205271	1572903205341
USER	Get Remote Chachkies	42	START	1572903205374	1572903205374
REQUEST	42		get remote chachkies	1572903205375	1572903205413	OK	 
USER	Get Remote Chachkies	42	END	1572903205374	1572903205413
USER	Get Remote Chachkies	43	START	1572903205471	1572903205471
REQUEST	43		get remote chachkies	1572903205472	1572903205511	OK	 
USER	Get Remote Chachkies	43	END	1572903205471	1572903205512
USER	Get Remote Chachkies	44	START	1572903205571	1572903205571
REQUEST	44		get remote chachkies	1572903205572	1572903205604	OK	 
USER	Get Remote Chachkies	44	END	1572903205571	1572903205604
USER	Get Remote Chachkies	45	START	1572903205672	1572903205672
REQUEST	45		get remote chachkies	1572903205672	1572903205712	OK	 
USER	Get Remote Chachkies	45	END	1572903205672	1572903205712
USER	Get Remote Chachkies	46	START	1572903205772	1572903205772
REQUEST	46		get remote chachkies	1572903205773	1572903205809	OK	 
USER	Get Remote Chachkies	46	END	1572903205772	1572903205810
USER	Get Remote Chachkies	47	START	1572903205873	1572903205873
REQUEST	47		get remote chachkies	1572903205875	1572903205910	OK	 
USER	Get Remote Chachkies	47	END	1572903205873	1572903205911
USER	Get Remote Chachkies	48	START	1572903205972	1572903205972
REQUEST	48		get remote chachkies	1572903205972	1572903206004	OK	 
USER	Get Remote Chachkies	48	END	1572903205972	1572903206005
USER	Get Remote Chachkies	49	START	1572903206072	1572903206072
REQUEST	49		get remote chachkies	1572903206072	1572903206110	OK	 
USER	Get Remote Chachkies	49	END	1572903206072	1572903206110
USER	Get Remote Chachkies	50	START	1572903206173	1572903206173
REQUEST	50		get remote chachkies	1572903206174	1572903206210	OK	 
USER	Get Remote Chachkies	50	END	1572903206173	1572903206211
USER	Get Remote Chachkies	51	START	1572903206271	1572903206271
REQUEST	51		get remote chachkies	1572903206272	1572903206308	OK	 
USER	Get Remote Chachkies	51	END	1572903206271	1572903206308
USER	Get Remote Chachkies	52	START	1572903206372	1572903206372
REQUEST	52		get remote chachkies	1572903206373	1572903206406	OK	 
USER	Get Remote Chachkies	52	END	1572903206372	1572903206406
USER	Get Remote Chachkies	53	START	1572903206472	1572903206472
REQUEST	53		get remote chachkies	1572903206473	1572903206513	OK	 
USER	Get Remote Chachkies	53	END	1572903206472	1572903206513
USER	Get Remote Chachkies	54	START	1572903206573	1572903206573
REQUEST	54		get remote chachkies	1572903206574	1572903206606	OK	 
USER	Get Remote Chachkies	54	END	1572903206573	1572903206607
USER	Get Remote Chachkies	55	START	1572903206672	1572903206672
REQUEST	55		get remote chachkies	1572903206672	1572903206714	OK	 
USER	Get Remote Chachkies	55	END	1572903206672	1572903206714
USER	Get Remote Chachkies	56	START	1572903206772	1572903206772
REQUEST	56		get remote chachkies	1572903206773	1572903206805	OK	 
USER	Get Remote Chachkies	56	END	1572903206772	1572903206806
USER	Get Remote Chachkies	57	START	1572903206872	1572903206872
REQUEST	57		get remote chachkies	1572903206872	1572903206908	OK	 
USER	Get Remote Chachkies	57	END	1572903206872	1572903206908
USER	Get Remote Chachkies	58	START	1572903206973	1572903206973
REQUEST	58		get remote chachkies	1572903206973	1572903207009	OK	 
USER	Get Remote Chachkies	58	END	1572903206973	1572903207010
USER	Get Remote Chachkies	59	START	1572903207073	1572903207073
REQUEST	59		get remote chachkies	1572903207074	1572903207111	OK	 
USER	Get Remote Chachkies	59	END	1572903207073	1572903207112
USER	Get Remote Chachkies	60	START	1572903207172	1572903207172
REQUEST	60		get remote chachkies	1572903207173	1572903207210	OK	 
USER	Get Remote Chachkies	60	END	1572903207172	1572903207211
USER	Get Remote Chachkies	61	START	1572903207272	1572903207272
REQUEST	61		get remote chachkies	1572903207272	1572903207306	OK	 
USER	Get Remote Chachkies	61	END	1572903207272	1572903207306
USER	Get Remote Chachkies	62	START	1572903207372	1572903207372
REQUEST	62		get remote chachkies	1572903207372	1572903207406	OK	 
USER	Get Remote Chachkies	62	END	1572903207372	1572903207407
USER	Get Remote Chachkies	63	START	1572903207473	1572903207473
REQUEST	63		get remote chachkies	1572903207473	1572903207510	OK	 
USER	Get Remote Chachkies	63	END	1572903207473	1572903207511
USER	Get Remote Chachkies	64	START	1572903207572	1572903207572
REQUEST	64		get remote chachkies	1572903207573	1572903207602	OK	 
USER	Get Remote Chachkies	64	END	1572903207572	1572903207603
USER	Get Remote Chachkies	65	START	1572903207673	1572903207673
REQUEST	65		get remote chachkies	1572903207674	1572903207709	OK	 
USER	Get Remote Chachkies	65	END	1572903207673	1572903207709
USER	Get Remote Chachkies	66	START	1572903207772	1572903207772
REQUEST	66		get remote chachkies	1572903207772	1572903207811	OK	 
USER	Get Remote Chachkies	66	END	1572903207772	1572903207812
USER	Get Remote Chachkies	67	START	1572903207873	1572903207873
REQUEST	67		get remote chachkies	1572903207873	1572903207907	OK	 
USER	Get Remote Chachkies	67	END	1572903207873	1572903207907
USER	Get Remote Chachkies	68	START	1572903207971	1572903207971
REQUEST	68		get remote chachkies	1572903207972	1572903208005	OK	 
USER	Get Remote Chachkies	68	END	1572903207971	1572903208005
USER	Get Remote Chachkies	69	START	1572903208072	1572903208072
REQUEST	69		get remote chachkies	1572903208073	1572903208104	OK	 
USER	Get Remote Chachkies	69	END	1572903208072	1572903208105
USER	Get Remote Chachkies	70	START	1572903208173	1572903208173
REQUEST	70		get remote chachkies	1572903208173	1572903208211	OK	 
USER	Get Remote Chachkies	70	END	1572903208173	1572903208212
USER	Get Remote Chachkies	71	START	1572903208272	1572903208272
REQUEST	71		get remote chachkies	1572903208272	1572903208303	OK	 
USER	Get Remote Chachkies	71	END	1572903208272	1572903208304
USER	Get Remote Chachkies	72	START	1572903208373	1572903208373
REQUEST	72		get remote chachkies	1572903208374	1572903208406	OK	 
USER	Get Remote Chachkies	72	END	1572903208373	1572903208407
USER	Get Remote Chachkies	73	START	1572903208471	1572903208471
REQUEST	73		get remote chachkies	1572903208471	1572903208503	OK	 
USER	Get Remote Chachkies	73	END	1572903208471	1572903208504
USER	Get Remote Chachkies	74	START	1572903208571	1572903208571
REQUEST	74		get remote chachkies	1572903208572	1572903208606	OK	 
USER	Get Remote Chachkies	74	END	1572903208571	1572903208606
USER	Get Remote Chachkies	75	START	1572903208671	1572903208671
REQUEST	75		get remote chachkies	1572903208672	1572903208704	OK	 
USER	Get Remote Chachkies	75	END	1572903208671	1572903208704
USER	Get Remote Chachkies	76	START	1572903208772	1572903208772
REQUEST	76		get remote chachkies	1572903208776	1572903208808	OK	 
USER	Get Remote Chachkies	76	END	1572903208772	1572903208808
USER	Get Remote Chachkies	77	START	1572903208872	1572903208872
REQUEST	77		get remote chachkies	1572903208872	1572903208926	OK	 
USER	Get Remote Chachkies	77	END	1572903208872	1572903208926
USER	Get Remote Chachkies	78	START	1572903208971	1572903208971
REQUEST	78		get remote chachkies	1572903208972	1572903209003	OK	 
USER	Get Remote Chachkies	78	END	1572903208971	1572903209004
USER	Get Remote Chachkies	79	START	1572903209073	1572903209073
REQUEST	79		get remote chachkies	1572903209073	1572903209106	OK	 
USER	Get Remote Chachkies	79	END	1572903209073	1572903209106
USER	Get Remote Chachkies	80	START	1572903209171	1572903209171
REQUEST	80		get remote chachkies	1572903209172	1572903209203	OK	 
USER	Get Remote Chachkies	80	END	1572903209171	1572903209203
USER	Get Remote Chachkies	81	START	1572903209274	1572903209274
REQUEST	81		get remote chachkies	1572903209275	1572903209306	OK	 
USER	Get Remote Chachkies	81	END	1572903209274	1572903209307
USER	Get Remote Chachkies	82	START	1572903209371	1572903209371
REQUEST	82		get remote chachkies	1572903209372	1572903209402	OK	 
USER	Get Remote Chachkies	82	END	1572903209371	1572903209403
USER	Get Remote Chachkies	83	START	1572903209472	1572903209472
REQUEST	83		get remote chachkies	1572903209472	1572903209507	OK	 
USER	Get Remote Chachkies	83	END	1572903209472	1572903209508
USER	Get Remote Chachkies	84	START	1572903209571	1572903209571
REQUEST	84		get remote chachkies	1572903209572	1572903209622	OK	 
USER	Get Remote Chachkies	84	END	1572903209571	1572903209623
USER	Get Remote Chachkies	85	START	1572903209674	1572903209674
REQUEST	85		get remote chachkies	1572903209674	1572903209707	OK	 
USER	Get Remote Chachkies	85	END	1572903209674	1572903209708
USER	Get Remote Chachkies	86	START	1572903209772	1572903209772
REQUEST	86		get remote chachkies	1572903209772	1572903209832	OK	 
USER	Get Remote Chachkies	86	END	1572903209772	1572903209832
USER	Get Remote Chachkies	87	START	1572903209871	1572903209871
REQUEST	87		get remote chachkies	1572903209872	1572903209905	OK	 
USER	Get Remote Chachkies	87	END	1572903209871	1572903209906
USER	Get Remote Chachkies	88	START	1572903209971	1572903209971
REQUEST	88		get remote chachkies	1572903209972	1572903210031	OK	 
USER	Get Remote Chachkies	88	END	1572903209971	1572903210031
USER	Get Remote Chachkies	89	START	1572903210074	1572903210074
REQUEST	89		get remote chachkies	1572903210074	1572903210106	OK	 
USER	Get Remote Chachkies	89	END	1572903210074	1572903210106
USER	Get Remote Chachkies	90	START	1572903210173	1572903210173
REQUEST	90		get remote chachkies	1572903210174	1572903210210	OK	 
USER	Get Remote Chachkies	90	END	1572903210173	1572903210211
USER	Get Remote Chachkies	91	START	1572903210271	1572903210271
REQUEST	91		get remote chachkies	1572903210272	1572903210304	OK	 
USER	Get Remote Chachkies	91	END	1572903210271	1572903210304
USER	Get Remote Chachkies	92	START	1572903210373	1572903210373
REQUEST	92		get remote chachkies	1572903210373	1572903210410	OK	 
USER	Get Remote Chachkies	92	END	1572903210373	1572903210410
USER	Get Remote Chachkies	93	START	1572903210474	1572903210474
REQUEST	93		get remote chachkies	1572903210474	1572903210505	OK	 
USER	Get Remote Chachkies	93	END	1572903210474	1572903210506
USER	Get Remote Chachkies	94	START	1572903210574	1572903210574
REQUEST	94		get remote chachkies	1572903210574	1572903210608	OK	 
USER	Get Remote Chachkies	94	END	1572903210574	1572903210608
USER	Get Remote Chachkies	95	START	1572903210671	1572903210671
REQUEST	95		get remote chachkies	1572903210672	1572903210703	OK	 
USER	Get Remote Chachkies	95	END	1572903210671	1572903210704
USER	Get Remote Chachkies	96	START	1572903210773	1572903210773
REQUEST	96		get remote chachkies	1572903210773	1572903210807	OK	 
USER	Get Remote Chachkies	96	END	1572903210773	1572903210807
USER	Get Remote Chachkies	97	START	1572903210871	1572903210871
REQUEST	97		get remote chachkies	1572903210872	1572903210905	OK	 
USER	Get Remote Chachkies	97	END	1572903210871	1572903210905
USER	Get Remote Chachkies	98	START	1572903210973	1572903210973
REQUEST	98		get remote chachkies	1572903210973	1572903211004	OK	 
USER	Get Remote Chachkies	98	END	1572903210973	1572903211005
USER	Get Remote Chachkies	99	START	1572903211073	1572903211073
REQUEST	99		get remote chachkies	1572903211074	1572903211104	OK	 
USER	Get Remote Chachkies	99	END	1572903211073	1572903211105
USER	Get Remote Chachkies	100	START	1572903211171	1572903211171
REQUEST	100		get remote chachkies	1572903211172	1572903211204	OK	 
USER	Get Remote Chachkies	100	END	1572903211171	1572903211204
